[18:08:17] [ServerMain/INFO]: [bootstrap] Running Java 21 (Java HotSpot(TM) 64-Bit Server VM 21.0.5+9-LTS-239; Oracle Corporation null) on Windows 11 10.0 (amd64)
[18:08:17] [ServerMain/INFO]: [bootstrap] Loading Paper 1.21.1-40-master@2fdb2e9 (2024-08-21T01:35:33Z) for Minecraft 1.21.1
[18:08:19] [ServerMain/INFO]: [PluginInitializerManager] Initializing plugins...
[18:08:20] [ServerMain/INFO]: [PluginInitializerManager] Initialized 0 plugins
[18:08:34] [ServerMain/INFO]: Environment: Environment[sessionHost=https://sessionserver.mojang.com, servicesHost=https://api.minecraftservices.com, name=PROD]
[18:08:34] [ServerMain/INFO]: Found new data pack file/bukkit, loading it automatically
[18:08:34] [ServerMain/INFO]: Found new data pack paper, loading it automatically
[18:08:36] [ServerMain/INFO]: No existing world data, creating new world
[18:08:44] [ServerMain/INFO]: Loaded 1290 recipes
[18:08:45] [ServerMain/INFO]: Loaded 1399 advancements
[18:08:47] [Server thread/INFO]: Starting minecraft server version 1.21.1
[18:08:47] [Server thread/INFO]: Loading properties
[18:08:47] [Server thread/INFO]: This server is running Paper version 1.21.1-40-master@2fdb2e9 (2024-08-21T01:35:33Z) (Implementing API version 1.21.1-R0.1-SNAPSHOT)
[18:08:50] [Server thread/INFO]: [spark] This server bundles the spark profiler. For more information please visit https://docs.papermc.io/paper/profiling
[18:08:50] [Server thread/INFO]: Using 4 threads for Netty based IO
[18:08:50] [Server thread/INFO]: Server Ping Player Sample Count: 12
[18:08:51] [Server thread/INFO]: [ChunkTaskScheduler] Chunk system is using 1 I/O threads, 2 worker threads, and population gen parallelism of 2 threads
[18:08:52] [Server thread/INFO]: Default game type: SURVIVAL
[18:08:52] [Server thread/INFO]: Generating keypair
[18:08:52] [Server thread/INFO]: Starting Minecraft server on *:25565
[18:08:52] [Server thread/INFO]: Using default channel type
[18:08:52] [Server thread/INFO]: Paper: Using Java compression from Velocity.
[18:08:52] [Server thread/INFO]: Paper: Using Java cipher from Velocity.
[18:08:52] [Server thread/INFO]: Preparing level "world"
[18:09:07] [Server thread/INFO]: Preparing start region for dimension minecraft:overworld
[18:09:16] [Server thread/INFO]: Time elapsed: 9011 ms
[18:09:16] [Server thread/INFO]: Preparing start region for dimension minecraft:the_nether
[18:09:18] [Server thread/INFO]: Time elapsed: 1913 ms
[18:09:18] [Server thread/INFO]: Preparing start region for dimension minecraft:the_end
[18:09:19] [Server thread/INFO]: Time elapsed: 674 ms
[18:09:19] [Server thread/INFO]: [spark] Starting background profiler...
[18:09:19] [Server thread/INFO]: [spark] The async-profiler engine is not supported for your os/arch (windows11/amd64), so the built-in Java engine will be used instead.
[18:09:19] [Server thread/INFO]: Done preparing level "world" (26.507s)
[18:09:19] [Server thread/INFO]: Running delayed init tasks
[18:09:19] [Server thread/INFO]: Done (64.933s)! For help, type "help"
[18:09:19] [Server thread/INFO]: *************************************************************************************
[18:09:19] [Server thread/INFO]: This is the first time you're starting this server.
[18:09:19] [Server thread/INFO]: It's recommended you read our 'Getting Started' documentation for guidance.
[18:09:19] [Server thread/INFO]: View this and more helpful information here: https://docs.papermc.io/paper/next-steps
[18:09:19] [Server thread/INFO]: *************************************************************************************
[18:09:19] [Server thread/INFO]: Timings Reset
[18:10:21] [Server thread/INFO]: Stopping the server
[18:10:21] [Server thread/INFO]: Stopping server
[18:10:21] [Server thread/INFO]: Saving players
[18:10:21] [Server thread/INFO]: Saving worlds
[18:10:21] [Server thread/INFO]: Saving chunks for level 'ServerLevel[world]'/minecraft:overworld
[18:10:21] [Server thread/INFO]: [ChunkHolderManager] Waiting 60s for chunk system to halt for world 'world'
[18:10:21] [Server thread/INFO]: [ChunkHolderManager] Halted chunk system for world 'world'
[18:10:21] [Server thread/INFO]: [ChunkHolderManager] Saving all chunkholders for world 'world'
[18:10:23] [Server thread/INFO]: [ChunkHolderManager] Saved 841 block chunks, 49 entity chunks, 1 poi chunks in world 'world' in 2.15s
[18:10:23] [Server thread/INFO]: Saving chunks for level 'ServerLevel[world_nether]'/minecraft:the_nether
[18:10:23] [Server thread/INFO]: [ChunkHolderManager] Waiting 60s for chunk system to halt for world 'world_nether'
[18:10:23] [Server thread/INFO]: [ChunkHolderManager] Halted chunk system for world 'world_nether'
[18:10:23] [Server thread/INFO]: [ChunkHolderManager] Saving all chunkholders for world 'world_nether'
[18:10:24] [Server thread/INFO]: [ChunkHolderManager] Saved 841 block chunks, 49 entity chunks, 0 poi chunks in world 'world_nether' in 0.75s
[18:10:24] [Server thread/INFO]: Saving chunks for level 'ServerLevel[world_the_end]'/minecraft:the_end
[18:10:24] [Server thread/INFO]: [ChunkHolderManager] Waiting 60s for chunk system to halt for world 'world_the_end'
[18:10:24] [Server thread/INFO]: [ChunkHolderManager] Halted chunk system for world 'world_the_end'
[18:10:24] [Server thread/INFO]: [ChunkHolderManager] Saving all chunkholders for world 'world_the_end'
[18:10:25] [Server thread/INFO]: [ChunkHolderManager] Saved 841 block chunks, 49 entity chunks, 0 poi chunks in world 'world_the_end' in 0.54s
[18:10:25] [Server thread/INFO]: ThreadedAnvilChunkStorage (world): All chunks are saved
[18:10:25] [Server thread/INFO]: ThreadedAnvilChunkStorage (DIM-1): All chunks are saved
[18:10:25] [Server thread/INFO]: ThreadedAnvilChunkStorage (DIM1): All chunks are saved
[18:10:25] [Server thread/INFO]: ThreadedAnvilChunkStorage: All dimensions are saved
